L 06/08/2022 - 01:56:21: SourceMod error session started
L 06/08/2022 - 01:56:21: Info (map "kz_evilcorp") (file "/root/kz-server/csgo/addons/sourcemod/logs/errors_20220608.log")
L 06/08/2022 - 01:56:21: [SM] Unable to load plugin "gokz-global.smx": Could not find required plugin "GlobalAPI"
L 06/08/2022 - 01:56:21: [SM] Unable to load plugin "gokz-profile.smx": Could not find required plugin "GlobalAPI"
L 06/08/2022 - 01:56:23: Error log file session closed.
L 06/08/2022 - 01:57:20: SourceMod error session started
L 06/08/2022 - 01:57:20: Info (map "kz_evilcorp") (file "/root/kz-server/csgo/addons/sourcemod/logs/errors_20220608.log")
L 06/08/2022 - 01:57:20: [SM] Exception reported: Invalid index 508 (count: 508)
L 06/08/2022 - 01:57:20: [SM] Blaming: gokz-replays.smx
L 06/08/2022 - 01:57:20: [SM] Call stack trace:
L 06/08/2022 - 01:57:20: [SM]   [0] ArrayList.GetArray
L 06/08/2022 - 01:57:20: [SM]   [1] Line 684, gokz-replays/recording.sp::WriteTickData
L 06/08/2022 - 01:57:20: [SM]   [2] Line 565, gokz-replays/recording.sp::SaveRecordingOfJump
L 06/08/2022 - 01:57:20: [SM]   [3] Line 344, gokz-replays/recording.sp::SaveJump
L 06/08/2022 - 02:05:30: Error log file session closed.
L 06/08/2022 - 02:05:30: SourceMod error session started
L 06/08/2022 - 02:05:30: Info (map "kz_dakow") (file "/root/kz-server/csgo/addons/sourcemod/logs/errors_20220608.log")
L 06/08/2022 - 02:05:30: [SM] Unable to load extension "SteamWorks.ext": /root/kz-server/csgo/addons/sourcemod/extensions/SteamWorks.ext.so: cannot open shared object file: No such file or directory
L 06/08/2022 - 02:05:30: [SM] Unable to load extension "smjansson.ext": /root/kz-server/csgo/addons/sourcemod/extensions/smjansson.ext.so: cannot open shared object file: No such file or directory
L 06/08/2022 - 02:05:30: [SM] Unable to load plugin "globalpb.smx": Required extension "SteamWorks" file("SteamWorks.ext") not running
L 06/08/2022 - 02:05:30: [SM] Exception reported: Database connection failed. Error: "Configuration "more-stats" not found".
L 06/08/2022 - 02:05:30: [SM] Blaming: more-stats.smx
L 06/08/2022 - 02:05:30: [SM] Call stack trace:
L 06/08/2022 - 02:05:30: [SM]   [0] SetFailState
L 06/08/2022 - 02:05:30: [SM]   [1] Line 11, more-stats/databases.sp::SetupDatabase
L 06/08/2022 - 02:05:30: [SM]   [2] Line 53, more-stats.sp::OnPluginStart
L 06/08/2022 - 02:05:30: [SM] Unable to load plugin "more-stats.smx": Error detected in plugin startup (see error logs)
L 06/08/2022 - 02:05:30: [SM] Unable to load plugin "mapchooser_tier.smx": Required extension "SteamWorks" file("SteamWorks.ext") not running
L 06/08/2022 - 02:05:32: Error log file session closed.
L 06/08/2022 - 02:12:40: SourceMod error session started
L 06/08/2022 - 02:12:40: Info (map "kz_evilcorp") (file "/root/kz-server/csgo/addons/sourcemod/logs/errors_20220608.log")
L 06/08/2022 - 02:12:40: [SM] Unable to load plugin "GlobalAPI.smx": Required extension "SteamWorks" file("SteamWorks.ext") not running
L 06/08/2022 - 02:14:19: SourceMod error session started
L 06/08/2022 - 02:14:19: Info (map "kz_evilcorp") (file "/root/kz-server/csgo/addons/sourcemod/logs/errors_20220608.log")
L 06/08/2022 - 02:14:19: [SM] Unable to load extension "smjansson.ext": /root/kz-server/csgo/addons/sourcemod/extensions/smjansson.ext.so: cannot open shared object file: No such file or directory
L 06/08/2022 - 02:14:20: [SM] Unable to load plugin "globalpb.smx": Required extension "SMJansson" file("smjansson.ext") not running
L 06/08/2022 - 02:14:20: [SM] Exception reported: Database connection failed. Error: "Configuration "more-stats" not found".
L 06/08/2022 - 02:14:20: [SM] Blaming: more-stats.smx
L 06/08/2022 - 02:14:20: [SM] Call stack trace:
L 06/08/2022 - 02:14:20: [SM]   [0] SetFailState
L 06/08/2022 - 02:14:20: [SM]   [1] Line 11, more-stats/databases.sp::SetupDatabase
L 06/08/2022 - 02:14:20: [SM]   [2] Line 53, more-stats.sp::OnPluginStart
L 06/08/2022 - 02:14:20: [SM] Unable to load plugin "more-stats.smx": Error detected in plugin startup (see error logs)
L 06/08/2022 - 02:14:21: [SM] Unable to load plugin "mapchooser_tier.smx": Required extension "SMJansson" file("smjansson.ext") not running
L 06/08/2022 - 02:14:26: Error log file session closed.
L 06/08/2022 - 02:14:32: SourceMod error session started
L 06/08/2022 - 02:14:32: Info (map "kz_evilcorp") (file "/root/kz-server/csgo/addons/sourcemod/logs/errors_20220608.log")
L 06/08/2022 - 02:14:32: [gokz-global.smx] [KZ] Fun Commands cannot be loaded at the same time as gokz-global. Fun Commands has been disabled.
L 06/08/2022 - 02:14:32: [gokz-global.smx] [KZ] Player Commands cannot be loaded at the same time as gokz-global. Player Commands has been disabled.
L 06/08/2022 - 02:22:31: Error log file session closed.
L 06/08/2022 - 02:22:50: SourceMod error session started
L 06/08/2022 - 02:22:50: Info (map "kz_evilcorp") (file "/root/kz-server/csgo/addons/sourcemod/logs/errors_20220608.log")
L 06/08/2022 - 02:22:50: [SM] Exception reported: Database connection failed. Error: "Configuration "more-stats" not found".
L 06/08/2022 - 02:22:50: [SM] Blaming: more-stats.smx
L 06/08/2022 - 02:22:50: [SM] Call stack trace:
L 06/08/2022 - 02:22:50: [SM]   [0] SetFailState
L 06/08/2022 - 02:22:50: [SM]   [1] Line 11, more-stats/databases.sp::SetupDatabase
L 06/08/2022 - 02:22:50: [SM]   [2] Line 53, more-stats.sp::OnPluginStart
L 06/08/2022 - 02:22:50: [SM] Unable to load plugin "more-stats.smx": Error detected in plugin startup (see error logs)
L 06/08/2022 - 02:23:00: Error log file session closed.
L 06/08/2022 - 06:08:12: SourceMod error session started
L 06/08/2022 - 06:08:12: Info (map "kz_evilcorp") (file "/root/kz-server/csgo/addons/sourcemod/logs/errors_20220608.log")
L 06/08/2022 - 06:08:12: [SM] Exception reported: Invalid index 504 (count: 504)
L 06/08/2022 - 06:08:12: [SM] Blaming: gokz-replays.smx
L 06/08/2022 - 06:08:12: [SM] Call stack trace:
L 06/08/2022 - 06:08:12: [SM]   [0] ArrayList.GetArray
L 06/08/2022 - 06:08:12: [SM]   [1] Line 684, gokz-replays/recording.sp::WriteTickData
L 06/08/2022 - 06:08:12: [SM]   [2] Line 565, gokz-replays/recording.sp::SaveRecordingOfJump
L 06/08/2022 - 06:08:12: [SM]   [3] Line 344, gokz-replays/recording.sp::SaveJump
L 06/08/2022 - 06:09:13: Error log file session closed.
L 06/08/2022 - 12:28:29: SourceMod error session started
L 06/08/2022 - 12:28:29: Info (map "kz_rectangle") (file "/root/kz-server/csgo/addons/sourcemod/logs/errors_20220608.log")
L 06/08/2022 - 12:28:29: [gokz-global.smx] Failed to check API key with Global API.
L 06/08/2022 - 12:50:45: Error log file session closed.
L 06/08/2022 - 12:50:50: SourceMod error session started
L 06/08/2022 - 12:50:50: Info (map "kz_dakow") (file "/root/kz-server/csgo/addons/sourcemod/logs/errors_20220608.log")
L 06/08/2022 - 12:50:50: [gokz-global.smx] Failed to check API key with Global API.
L 06/08/2022 - 12:50:50: [gokz-global.smx] Failed to check API key with Global API.
L 06/08/2022 - 12:59:51: Error log file session closed.
L 06/08/2022 - 12:59:56: SourceMod error session started
L 06/08/2022 - 12:59:56: Info (map "kz_dakow") (file "/root/kz-server/csgo/addons/sourcemod/logs/errors_20220608.log")
L 06/08/2022 - 12:59:56: [gokz-global.smx] Failed to check API key with Global API.
L 06/08/2022 - 12:59:56: [gokz-global.smx] Failed to check API key with Global API.
L 06/08/2022 - 13:00:04: Error log file session closed.
L 06/08/2022 - 13:00:06: SourceMod error session started
L 06/08/2022 - 13:00:06: Info (map "kz_dakow") (file "/root/kz-server/csgo/addons/sourcemod/logs/errors_20220608.log")
L 06/08/2022 - 13:00:06: [gokz-global.smx] Failed to check API key with Global API.
L 06/08/2022 - 13:00:06: [gokz-global.smx] Failed to check API key with Global API.
L 06/08/2022 - 13:23:04: Error log file session closed.
L 06/08/2022 - 13:23:08: SourceMod error session started
L 06/08/2022 - 13:23:08: Info (map "kz_gy_agitation") (file "/root/kz-server/csgo/addons/sourcemod/logs/errors_20220608.log")
L 06/08/2022 - 13:23:08: [gokz-global.smx] Failed to check API key with Global API.
L 06/08/2022 - 13:23:08: [gokz-global.smx] Failed to check API key with Global API.
L 06/08/2022 - 13:23:08: [gokz-global.smx] Failed to check API key with Global API.
L 06/08/2022 - 13:30:21: Error log file session closed.
L 06/08/2022 - 13:30:26: SourceMod error session started
L 06/08/2022 - 13:30:26: Info (map "kz_rectangle") (file "/root/kz-server/csgo/addons/sourcemod/logs/errors_20220608.log")
L 06/08/2022 - 13:30:26: [gokz-global.smx] Failed to check API key with Global API.
L 06/08/2022 - 13:30:27: [gokz-global.smx] Failed to check API key with Global API.
L 06/08/2022 - 13:32:30: Error log file session closed.
L 06/08/2022 - 13:35:23: SourceMod error session started
L 06/08/2022 - 13:35:23: Info (map "kz_rectangle") (file "/root/kz-server/csgo/addons/sourcemod/logs/errors_20220608.log")
L 06/08/2022 - 13:35:23: [gokz-global.smx] Failed to check API key with Global API.
L 06/08/2022 - 13:35:24: [gokz-global.smx] Failed to check API key with Global API.
L 06/08/2022 - 14:11:45: Error log file session closed.
L 06/08/2022 - 14:11:50: SourceMod error session started
L 06/08/2022 - 14:11:50: Info (map "kz_rectangle") (file "/root/kz-server/csgo/addons/sourcemod/logs/errors_20220608.log")
L 06/08/2022 - 14:11:50: [gokz-global.smx] Failed to check API key with Global API.
L 06/08/2022 - 14:11:50: [gokz-global.smx] Failed to check API key with Global API.
L 06/08/2022 - 14:20:48: Error log file session closed.
L 06/08/2022 - 14:20:53: SourceMod error session started
L 06/08/2022 - 14:20:53: Info (map "kz_rectangle") (file "/root/kz-server/csgo/addons/sourcemod/logs/errors_20220608.log")
L 06/08/2022 - 14:20:53: [gokz-global.smx] Failed to check API key with Global API.
L 06/08/2022 - 14:20:53: [gokz-global.smx] Failed to check API key with Global API.
L 06/08/2022 - 14:27:08: Error log file session closed.
L 06/08/2022 - 14:27:13: SourceMod error session started
L 06/08/2022 - 14:27:13: Info (map "kz_rectangle") (file "/root/kz-server/csgo/addons/sourcemod/logs/errors_20220608.log")
L 06/08/2022 - 14:27:13: [gokz-global.smx] Failed to check API key with Global API.
L 06/08/2022 - 14:27:13: [gokz-global.smx] Failed to check API key with Global API.
L 06/08/2022 - 14:29:21: Error log file session closed.
L 06/08/2022 - 14:29:25: SourceMod error session started
L 06/08/2022 - 14:29:25: Info (map "kz_rectangle") (file "/root/kz-server/csgo/addons/sourcemod/logs/errors_20220608.log")
L 06/08/2022 - 14:29:25: [gokz-global.smx] Failed to check API key with Global API.
L 06/08/2022 - 14:29:26: [gokz-global.smx] Failed to check API key with Global API.
L 06/08/2022 - 15:08:49: Error log file session closed.
L 06/08/2022 - 15:08:54: SourceMod error session started
L 06/08/2022 - 15:08:54: Info (map "kz_rectangle") (file "/root/kz-server/csgo/addons/sourcemod/logs/errors_20220608.log")
L 06/08/2022 - 15:08:54: [gokz-global.smx] Failed to check API key with Global API.
L 06/08/2022 - 15:08:54: [gokz-global.smx] Failed to check API key with Global API.
L 06/08/2022 - 17:15:36: Error log file session closed.
L 06/08/2022 - 17:15:40: SourceMod error session started
L 06/08/2022 - 17:15:40: Info (map "kz_rectangle") (file "/root/kz-server/csgo/addons/sourcemod/logs/errors_20220608.log")
L 06/08/2022 - 17:15:40: [gokz-global.smx] Failed to check API key with Global API.
L 06/08/2022 - 17:15:40: [gokz-global.smx] Failed to check API key with Global API.
L 06/08/2022 - 20:04:31: Error log file session closed.
L 06/08/2022 - 20:04:36: SourceMod error session started
L 06/08/2022 - 20:04:36: Info (map "kz_rectangle") (file "/root/kz-server/csgo/addons/sourcemod/logs/errors_20220608.log")
L 06/08/2022 - 20:04:36: [gokz-global.smx] Failed to check API key with Global API.
L 06/08/2022 - 20:04:36: [gokz-global.smx] Failed to check API key with Global API.
L 06/08/2022 - 22:40:50: Error log file session closed.
L 06/08/2022 - 22:40:55: SourceMod error session started
L 06/08/2022 - 22:40:55: Info (map "kz_rectangle") (file "/root/kz-server/csgo/addons/sourcemod/logs/errors_20220608.log")
L 06/08/2022 - 22:40:55: [gokz-global.smx] Failed to check API key with Global API.
L 06/08/2022 - 22:40:55: [gokz-global.smx] Failed to check API key with Global API.
L 06/08/2022 - 23:53:28: Error log file session closed.
L 06/08/2022 - 23:53:33: SourceMod error session started
L 06/08/2022 - 23:53:33: Info (map "kz_rectangle") (file "/root/kz-server/csgo/addons/sourcemod/logs/errors_20220608.log")
L 06/08/2022 - 23:53:33: [gokz-global.smx] Failed to check API key with Global API.
L 06/08/2022 - 23:53:33: [gokz-global.smx] Failed to check API key with Global API.
L 06/09/2022 - 00:06:21: Error log file session closed.
