[GlobalAPI-Logging] 06/09/2022 - 00:06:34 (GOKZ Global) API call failed!
[GlobalAPI-Logging] 06/09/2022 - 00:06:34  => Method: GET
[GlobalAPI-Logging] 06/09/2022 - 00:06:34   => Status: 401
[GlobalAPI-Logging] 06/09/2022 - 00:06:34    => URL: https://kztimerglobal.com/api/v2.0/auth/status
[GlobalAPI-Logging] 06/09/2022 - 00:06:34      => Params: -
[GlobalAPI-Logging] 06/09/2022 - 00:06:34 (GOKZ Global) API call failed!
[GlobalAPI-Logging] 06/09/2022 - 00:06:34  => Method: GET
[GlobalAPI-Logging] 06/09/2022 - 00:06:34   => Status: 401
[GlobalAPI-Logging] 06/09/2022 - 00:06:34    => URL: https://kztimerglobal.com/api/v2.0/auth/status
[GlobalAPI-Logging] 06/09/2022 - 00:06:34      => Params: -
[GlobalAPI-Logging] 06/09/2022 - 00:07:46 (GOKZ Global) API call failed!
[GlobalAPI-Logging] 06/09/2022 - 00:07:46  => Method: GET
[GlobalAPI-Logging] 06/09/2022 - 00:07:46   => Status: 401
[GlobalAPI-Logging] 06/09/2022 - 00:07:46    => URL: https://kztimerglobal.com/api/v2.0/auth/status
[GlobalAPI-Logging] 06/09/2022 - 00:07:46      => Params: -
[GlobalAPI-Logging] 06/09/2022 - 00:07:46 (GOKZ Global) API call failed!
[GlobalAPI-Logging] 06/09/2022 - 00:07:46  => Method: GET
[GlobalAPI-Logging] 06/09/2022 - 00:07:46   => Status: 401
[GlobalAPI-Logging] 06/09/2022 - 00:07:46    => URL: https://kztimerglobal.com/api/v2.0/auth/status
[GlobalAPI-Logging] 06/09/2022 - 00:07:46      => Params: -
[GlobalAPI-Logging] 06/09/2022 - 00:09:23 (GOKZ Global) API call failed!
[GlobalAPI-Logging] 06/09/2022 - 00:09:23  => Method: GET
[GlobalAPI-Logging] 06/09/2022 - 00:09:23   => Status: 401
[GlobalAPI-Logging] 06/09/2022 - 00:09:23    => URL: https://kztimerglobal.com/api/v2.0/auth/status
[GlobalAPI-Logging] 06/09/2022 - 00:09:23      => Params: -
[GlobalAPI-Logging] 06/09/2022 - 00:09:23 (GOKZ Global) API call failed!
[GlobalAPI-Logging] 06/09/2022 - 00:09:23  => Method: GET
[GlobalAPI-Logging] 06/09/2022 - 00:09:23   => Status: 401
[GlobalAPI-Logging] 06/09/2022 - 00:09:23    => URL: https://kztimerglobal.com/api/v2.0/auth/status
[GlobalAPI-Logging] 06/09/2022 - 00:09:23      => Params: -
[GlobalAPI-Logging] 06/09/2022 - 00:09:24 (GOKZ Global) API call failed!
[GlobalAPI-Logging] 06/09/2022 - 00:09:24  => Method: GET
[GlobalAPI-Logging] 06/09/2022 - 00:09:24   => Status: 401
[GlobalAPI-Logging] 06/09/2022 - 00:09:24    => URL: https://kztimerglobal.com/api/v2.0/auth/status
[GlobalAPI-Logging] 06/09/2022 - 00:09:24      => Params: -
[GlobalAPI-Logging] 06/09/2022 - 00:38:26 (GOKZ Global) API call failed!
[GlobalAPI-Logging] 06/09/2022 - 00:38:26  => Method: GET
[GlobalAPI-Logging] 06/09/2022 - 00:38:26   => Status: 401
[GlobalAPI-Logging] 06/09/2022 - 00:38:26    => URL: https://kztimerglobal.com/api/v2.0/auth/status
[GlobalAPI-Logging] 06/09/2022 - 00:38:26      => Params: -
[GlobalAPI-Logging] 06/09/2022 - 00:38:26 (GOKZ Global) API call failed!
[GlobalAPI-Logging] 06/09/2022 - 00:38:26  => Method: GET
[GlobalAPI-Logging] 06/09/2022 - 00:38:26   => Status: 401
[GlobalAPI-Logging] 06/09/2022 - 00:38:26    => URL: https://kztimerglobal.com/api/v2.0/auth/status
[GlobalAPI-Logging] 06/09/2022 - 00:38:26      => Params: -
[GlobalAPI-Logging] 06/09/2022 - 00:41:42 (GOKZ Global) API call failed!
[GlobalAPI-Logging] 06/09/2022 - 00:41:42  => Method: GET
[GlobalAPI-Logging] 06/09/2022 - 00:41:42   => Status: 401
[GlobalAPI-Logging] 06/09/2022 - 00:41:42    => URL: https://kztimerglobal.com/api/v2.0/auth/status
[GlobalAPI-Logging] 06/09/2022 - 00:41:42      => Params: -
[GlobalAPI-Logging] 06/09/2022 - 00:41:42 (GOKZ Global) API call failed!
[GlobalAPI-Logging] 06/09/2022 - 00:41:42  => Method: GET
[GlobalAPI-Logging] 06/09/2022 - 00:41:42   => Status: 401
[GlobalAPI-Logging] 06/09/2022 - 00:41:42    => URL: https://kztimerglobal.com/api/v2.0/auth/status
[GlobalAPI-Logging] 06/09/2022 - 00:41:42      => Params: -
[GlobalAPI-Logging] 06/09/2022 - 00:43:48 (GOKZ Global) API call failed!
[GlobalAPI-Logging] 06/09/2022 - 00:43:48  => Method: GET
[GlobalAPI-Logging] 06/09/2022 - 00:43:48   => Status: 401
[GlobalAPI-Logging] 06/09/2022 - 00:43:48    => URL: https://kztimerglobal.com/api/v2.0/auth/status
[GlobalAPI-Logging] 06/09/2022 - 00:43:48      => Params: -
[GlobalAPI-Logging] 06/09/2022 - 00:43:48 (GOKZ Global) API call failed!
[GlobalAPI-Logging] 06/09/2022 - 00:43:48  => Method: GET
[GlobalAPI-Logging] 06/09/2022 - 00:43:48   => Status: 401
[GlobalAPI-Logging] 06/09/2022 - 00:43:48    => URL: https://kztimerglobal.com/api/v2.0/auth/status
[GlobalAPI-Logging] 06/09/2022 - 00:43:48      => Params: -
[GlobalAPI-Logging] 06/09/2022 - 00:43:48 (GOKZ Global) API call failed!
[GlobalAPI-Logging] 06/09/2022 - 00:43:48  => Method: GET
[GlobalAPI-Logging] 06/09/2022 - 00:43:48   => Status: 401
[GlobalAPI-Logging] 06/09/2022 - 00:43:48    => URL: https://kztimerglobal.com/api/v2.0/auth/status
[GlobalAPI-Logging] 06/09/2022 - 00:43:48      => Params: -
[GlobalAPI-Logging] 06/09/2022 - 00:59:46 (GOKZ Global) API call failed!
[GlobalAPI-Logging] 06/09/2022 - 00:59:46  => Method: GET
[GlobalAPI-Logging] 06/09/2022 - 00:59:46   => Status: 401
[GlobalAPI-Logging] 06/09/2022 - 00:59:46    => URL: https://kztimerglobal.com/api/v2.0/auth/status
[GlobalAPI-Logging] 06/09/2022 - 00:59:46      => Params: -
[GlobalAPI-Logging] 06/09/2022 - 00:59:46 (GOKZ Global) API call failed!
[GlobalAPI-Logging] 06/09/2022 - 00:59:46  => Method: GET
[GlobalAPI-Logging] 06/09/2022 - 00:59:46   => Status: 401
[GlobalAPI-Logging] 06/09/2022 - 00:59:46    => URL: https://kztimerglobal.com/api/v2.0/auth/status
[GlobalAPI-Logging] 06/09/2022 - 00:59:46      => Params: -
[GlobalAPI-Logging] 06/09/2022 - 01:01:08 (GOKZ Global) API call failed!
[GlobalAPI-Logging] 06/09/2022 - 01:01:08  => Method: GET
[GlobalAPI-Logging] 06/09/2022 - 01:01:08   => Status: 401
[GlobalAPI-Logging] 06/09/2022 - 01:01:08    => URL: https://kztimerglobal.com/api/v2.0/auth/status
[GlobalAPI-Logging] 06/09/2022 - 01:01:08      => Params: -
[GlobalAPI-Logging] 06/09/2022 - 01:01:08 (GOKZ Global) API call failed!
[GlobalAPI-Logging] 06/09/2022 - 01:01:08  => Method: GET
[GlobalAPI-Logging] 06/09/2022 - 01:01:08   => Status: 401
[GlobalAPI-Logging] 06/09/2022 - 01:01:08    => URL: https://kztimerglobal.com/api/v2.0/auth/status
[GlobalAPI-Logging] 06/09/2022 - 01:01:08      => Params: -
[GlobalAPI-Logging] 06/09/2022 - 01:02:34 (GOKZ Global) API call failed!
[GlobalAPI-Logging] 06/09/2022 - 01:02:34  => Method: GET
[GlobalAPI-Logging] 06/09/2022 - 01:02:34   => Status: 401
[GlobalAPI-Logging] 06/09/2022 - 01:02:34    => URL: https://kztimerglobal.com/api/v2.0/auth/status
[GlobalAPI-Logging] 06/09/2022 - 01:02:34      => Params: -
[GlobalAPI-Logging] 06/09/2022 - 01:02:34 (GOKZ Global) API call failed!
[GlobalAPI-Logging] 06/09/2022 - 01:02:34  => Method: GET
[GlobalAPI-Logging] 06/09/2022 - 01:02:34   => Status: 401
[GlobalAPI-Logging] 06/09/2022 - 01:02:34    => URL: https://kztimerglobal.com/api/v2.0/auth/status
[GlobalAPI-Logging] 06/09/2022 - 01:02:34      => Params: -
[GlobalAPI-Logging] 06/09/2022 - 01:03:05 (GOKZ Global) API call failed!
[GlobalAPI-Logging] 06/09/2022 - 01:03:05  => Method: GET
[GlobalAPI-Logging] 06/09/2022 - 01:03:05   => Status: 401
[GlobalAPI-Logging] 06/09/2022 - 01:03:05    => URL: https://kztimerglobal.com/api/v2.0/auth/status
[GlobalAPI-Logging] 06/09/2022 - 01:03:05      => Params: -
[GlobalAPI-Logging] 06/09/2022 - 01:03:05 (GOKZ Global) API call failed!
[GlobalAPI-Logging] 06/09/2022 - 01:03:05  => Method: GET
[GlobalAPI-Logging] 06/09/2022 - 01:03:05   => Status: 401
[GlobalAPI-Logging] 06/09/2022 - 01:03:05    => URL: https://kztimerglobal.com/api/v2.0/auth/status
[GlobalAPI-Logging] 06/09/2022 - 01:03:05      => Params: -
[GlobalAPI-Logging] 06/09/2022 - 01:03:05 (GOKZ Global) API call failed!
[GlobalAPI-Logging] 06/09/2022 - 01:03:05  => Method: GET
[GlobalAPI-Logging] 06/09/2022 - 01:03:05   => Status: 401
[GlobalAPI-Logging] 06/09/2022 - 01:03:05    => URL: https://kztimerglobal.com/api/v2.0/auth/status
[GlobalAPI-Logging] 06/09/2022 - 01:03:05      => Params: -
[GlobalAPI-Logging] 06/09/2022 - 01:05:43 (GOKZ Global) API call failed!
[GlobalAPI-Logging] 06/09/2022 - 01:05:43  => Method: GET
[GlobalAPI-Logging] 06/09/2022 - 01:05:43   => Status: 401
[GlobalAPI-Logging] 06/09/2022 - 01:05:43    => URL: https://kztimerglobal.com/api/v2.0/auth/status
[GlobalAPI-Logging] 06/09/2022 - 01:05:43      => Params: -
[GlobalAPI-Logging] 06/09/2022 - 01:05:43 (GOKZ Global) API call failed!
[GlobalAPI-Logging] 06/09/2022 - 01:05:43  => Method: GET
[GlobalAPI-Logging] 06/09/2022 - 01:05:43   => Status: 401
[GlobalAPI-Logging] 06/09/2022 - 01:05:43    => URL: https://kztimerglobal.com/api/v2.0/auth/status
[GlobalAPI-Logging] 06/09/2022 - 01:05:43      => Params: -
[GlobalAPI-Logging] 06/09/2022 - 01:07:44 (GOKZ Global) API call failed!
[GlobalAPI-Logging] 06/09/2022 - 01:07:44  => Method: GET
[GlobalAPI-Logging] 06/09/2022 - 01:07:44   => Status: 401
[GlobalAPI-Logging] 06/09/2022 - 01:07:44    => URL: https://kztimerglobal.com/api/v2.0/auth/status
[GlobalAPI-Logging] 06/09/2022 - 01:07:44      => Params: -
[GlobalAPI-Logging] 06/09/2022 - 01:07:44 (GOKZ Global) API call failed!
[GlobalAPI-Logging] 06/09/2022 - 01:07:44  => Method: GET
[GlobalAPI-Logging] 06/09/2022 - 01:07:44   => Status: 401
[GlobalAPI-Logging] 06/09/2022 - 01:07:44    => URL: https://kztimerglobal.com/api/v2.0/auth/status
[GlobalAPI-Logging] 06/09/2022 - 01:07:44      => Params: -
[GlobalAPI-Logging] 06/09/2022 - 01:09:35 (GOKZ Global) API call failed!
[GlobalAPI-Logging] 06/09/2022 - 01:09:35  => Method: GET
[GlobalAPI-Logging] 06/09/2022 - 01:09:35   => Status: 401
[GlobalAPI-Logging] 06/09/2022 - 01:09:35    => URL: https://kztimerglobal.com/api/v2.0/auth/status
[GlobalAPI-Logging] 06/09/2022 - 01:09:35      => Params: -
[GlobalAPI-Logging] 06/09/2022 - 01:09:35 (GOKZ Global) API call failed!
[GlobalAPI-Logging] 06/09/2022 - 01:09:35  => Method: GET
[GlobalAPI-Logging] 06/09/2022 - 01:09:35   => Status: 401
[GlobalAPI-Logging] 06/09/2022 - 01:09:35    => URL: https://kztimerglobal.com/api/v2.0/auth/status
[GlobalAPI-Logging] 06/09/2022 - 01:09:35      => Params: -
[GlobalAPI-Logging] 06/09/2022 - 01:14:35 (GOKZ Global) API call failed!
[GlobalAPI-Logging] 06/09/2022 - 01:14:35  => Method: GET
[GlobalAPI-Logging] 06/09/2022 - 01:14:35   => Status: 401
[GlobalAPI-Logging] 06/09/2022 - 01:14:35    => URL: https://kztimerglobal.com/api/v2.0/auth/status
[GlobalAPI-Logging] 06/09/2022 - 01:14:35      => Params: -
[GlobalAPI-Logging] 06/09/2022 - 01:14:35 (GOKZ Global) API call failed!
[GlobalAPI-Logging] 06/09/2022 - 01:14:35  => Method: GET
[GlobalAPI-Logging] 06/09/2022 - 01:14:35   => Status: 401
[GlobalAPI-Logging] 06/09/2022 - 01:14:35    => URL: https://kztimerglobal.com/api/v2.0/auth/status
[GlobalAPI-Logging] 06/09/2022 - 01:14:35      => Params: -
[GlobalAPI-Logging] 06/09/2022 - 01:15:10 (GOKZ Global) API call failed!
[GlobalAPI-Logging] 06/09/2022 - 01:15:10  => Method: GET
[GlobalAPI-Logging] 06/09/2022 - 01:15:10   => Status: 401
[GlobalAPI-Logging] 06/09/2022 - 01:15:10    => URL: https://kztimerglobal.com/api/v2.0/auth/status
[GlobalAPI-Logging] 06/09/2022 - 01:15:10      => Params: -
[GlobalAPI-Logging] 06/09/2022 - 01:15:10 (GOKZ Global) API call failed!
[GlobalAPI-Logging] 06/09/2022 - 01:15:10  => Method: GET
[GlobalAPI-Logging] 06/09/2022 - 01:15:10   => Status: 401
[GlobalAPI-Logging] 06/09/2022 - 01:15:10    => URL: https://kztimerglobal.com/api/v2.0/auth/status
[GlobalAPI-Logging] 06/09/2022 - 01:15:10      => Params: -
[GlobalAPI-Logging] 06/09/2022 - 01:15:33 (GOKZ Global) API call failed!
[GlobalAPI-Logging] 06/09/2022 - 01:15:33  => Method: GET
[GlobalAPI-Logging] 06/09/2022 - 01:15:33   => Status: 401
[GlobalAPI-Logging] 06/09/2022 - 01:15:33    => URL: https://kztimerglobal.com/api/v2.0/auth/status
[GlobalAPI-Logging] 06/09/2022 - 01:15:33      => Params: -
[GlobalAPI-Logging] 06/09/2022 - 01:15:33 (GOKZ Global) API call failed!
[GlobalAPI-Logging] 06/09/2022 - 01:15:33  => Method: GET
[GlobalAPI-Logging] 06/09/2022 - 01:15:33   => Status: 401
[GlobalAPI-Logging] 06/09/2022 - 01:15:33    => URL: https://kztimerglobal.com/api/v2.0/auth/status
[GlobalAPI-Logging] 06/09/2022 - 01:15:33      => Params: -
[GlobalAPI-Logging] 06/09/2022 - 01:15:58 (GOKZ Global) API call failed!
[GlobalAPI-Logging] 06/09/2022 - 01:15:58  => Method: GET
[GlobalAPI-Logging] 06/09/2022 - 01:15:58   => Status: 401
[GlobalAPI-Logging] 06/09/2022 - 01:15:58    => URL: https://kztimerglobal.com/api/v2.0/auth/status
[GlobalAPI-Logging] 06/09/2022 - 01:15:58      => Params: -
[GlobalAPI-Logging] 06/09/2022 - 01:15:58 (GOKZ Global) API call failed!
[GlobalAPI-Logging] 06/09/2022 - 01:15:58  => Method: GET
[GlobalAPI-Logging] 06/09/2022 - 01:15:58   => Status: 401
[GlobalAPI-Logging] 06/09/2022 - 01:15:58    => URL: https://kztimerglobal.com/api/v2.0/auth/status
[GlobalAPI-Logging] 06/09/2022 - 01:15:58      => Params: -
[GlobalAPI-Logging] 06/09/2022 - 01:20:07 (GOKZ Global) API call failed!
[GlobalAPI-Logging] 06/09/2022 - 01:20:07  => Method: GET
[GlobalAPI-Logging] 06/09/2022 - 01:20:07   => Status: 401
[GlobalAPI-Logging] 06/09/2022 - 01:20:07    => URL: https://kztimerglobal.com/api/v2.0/auth/status
[GlobalAPI-Logging] 06/09/2022 - 01:20:07      => Params: -
[GlobalAPI-Logging] 06/09/2022 - 01:20:07 (GOKZ Global) API call failed!
[GlobalAPI-Logging] 06/09/2022 - 01:20:07  => Method: GET
[GlobalAPI-Logging] 06/09/2022 - 01:20:07   => Status: 401
[GlobalAPI-Logging] 06/09/2022 - 01:20:07    => URL: https://kztimerglobal.com/api/v2.0/auth/status
[GlobalAPI-Logging] 06/09/2022 - 01:20:07      => Params: -
[GlobalAPI-Logging] 06/09/2022 - 01:21:06 (GOKZ Global) API call failed!
[GlobalAPI-Logging] 06/09/2022 - 01:21:06  => Method: GET
[GlobalAPI-Logging] 06/09/2022 - 01:21:06   => Status: 401
[GlobalAPI-Logging] 06/09/2022 - 01:21:06    => URL: https://kztimerglobal.com/api/v2.0/auth/status
[GlobalAPI-Logging] 06/09/2022 - 01:21:06      => Params: -
[GlobalAPI-Logging] 06/09/2022 - 01:21:06 (GOKZ Global) API call failed!
[GlobalAPI-Logging] 06/09/2022 - 01:21:06  => Method: GET
[GlobalAPI-Logging] 06/09/2022 - 01:21:06   => Status: 401
[GlobalAPI-Logging] 06/09/2022 - 01:21:06    => URL: https://kztimerglobal.com/api/v2.0/auth/status
[GlobalAPI-Logging] 06/09/2022 - 01:21:06      => Params: -
[GlobalAPI-Logging] 06/09/2022 - 01:21:38 (GOKZ Global) API call failed!
[GlobalAPI-Logging] 06/09/2022 - 01:21:38  => Method: GET
[GlobalAPI-Logging] 06/09/2022 - 01:21:38   => Status: 401
[GlobalAPI-Logging] 06/09/2022 - 01:21:38    => URL: https://kztimerglobal.com/api/v2.0/auth/status
[GlobalAPI-Logging] 06/09/2022 - 01:21:38      => Params: -
[GlobalAPI-Logging] 06/09/2022 - 01:21:38 (GOKZ Global) API call failed!
[GlobalAPI-Logging] 06/09/2022 - 01:21:38  => Method: GET
[GlobalAPI-Logging] 06/09/2022 - 01:21:38   => Status: 401
[GlobalAPI-Logging] 06/09/2022 - 01:21:38    => URL: https://kztimerglobal.com/api/v2.0/auth/status
[GlobalAPI-Logging] 06/09/2022 - 01:21:38      => Params: -
[GlobalAPI-Logging] 06/09/2022 - 01:23:01 (GOKZ Global) API call failed!
[GlobalAPI-Logging] 06/09/2022 - 01:23:01  => Method: GET
[GlobalAPI-Logging] 06/09/2022 - 01:23:01   => Status: 401
[GlobalAPI-Logging] 06/09/2022 - 01:23:01    => URL: https://kztimerglobal.com/api/v2.0/auth/status
[GlobalAPI-Logging] 06/09/2022 - 01:23:01      => Params: -
[GlobalAPI-Logging] 06/09/2022 - 01:23:01 (GOKZ Global) API call failed!
[GlobalAPI-Logging] 06/09/2022 - 01:23:01  => Method: GET
[GlobalAPI-Logging] 06/09/2022 - 01:23:01   => Status: 401
[GlobalAPI-Logging] 06/09/2022 - 01:23:01    => URL: https://kztimerglobal.com/api/v2.0/auth/status
[GlobalAPI-Logging] 06/09/2022 - 01:23:01      => Params: -
[GlobalAPI-Logging] 06/09/2022 - 01:23:23 (GOKZ Global) API call failed!
[GlobalAPI-Logging] 06/09/2022 - 01:23:23  => Method: GET
[GlobalAPI-Logging] 06/09/2022 - 01:23:23   => Status: 401
[GlobalAPI-Logging] 06/09/2022 - 01:23:23    => URL: https://kztimerglobal.com/api/v2.0/auth/status
[GlobalAPI-Logging] 06/09/2022 - 01:23:23      => Params: -
[GlobalAPI-Logging] 06/09/2022 - 01:23:23 (GOKZ Global) API call failed!
[GlobalAPI-Logging] 06/09/2022 - 01:23:23  => Method: GET
[GlobalAPI-Logging] 06/09/2022 - 01:23:23   => Status: 401
[GlobalAPI-Logging] 06/09/2022 - 01:23:23    => URL: https://kztimerglobal.com/api/v2.0/auth/status
[GlobalAPI-Logging] 06/09/2022 - 01:23:23      => Params: -
[GlobalAPI-Logging] 06/09/2022 - 01:24:02 (GOKZ Global) API call failed!
[GlobalAPI-Logging] 06/09/2022 - 01:24:02  => Method: GET
[GlobalAPI-Logging] 06/09/2022 - 01:24:02   => Status: 401
[GlobalAPI-Logging] 06/09/2022 - 01:24:02    => URL: https://kztimerglobal.com/api/v2.0/auth/status
[GlobalAPI-Logging] 06/09/2022 - 01:24:02      => Params: -
[GlobalAPI-Logging] 06/09/2022 - 01:24:02 (GOKZ Global) API call failed!
[GlobalAPI-Logging] 06/09/2022 - 01:24:02  => Method: GET
[GlobalAPI-Logging] 06/09/2022 - 01:24:02   => Status: 401
[GlobalAPI-Logging] 06/09/2022 - 01:24:02    => URL: https://kztimerglobal.com/api/v2.0/auth/status
[GlobalAPI-Logging] 06/09/2022 - 01:24:02      => Params: -
[GlobalAPI-Logging] 06/09/2022 - 01:25:14 (GOKZ Global) API call failed!
[GlobalAPI-Logging] 06/09/2022 - 01:25:14  => Method: GET
[GlobalAPI-Logging] 06/09/2022 - 01:25:14   => Status: 401
[GlobalAPI-Logging] 06/09/2022 - 01:25:14    => URL: https://kztimerglobal.com/api/v2.0/auth/status
[GlobalAPI-Logging] 06/09/2022 - 01:25:14      => Params: -
[GlobalAPI-Logging] 06/09/2022 - 01:25:14 (GOKZ Global) API call failed!
[GlobalAPI-Logging] 06/09/2022 - 01:25:14  => Method: GET
[GlobalAPI-Logging] 06/09/2022 - 01:25:14   => Status: 401
[GlobalAPI-Logging] 06/09/2022 - 01:25:14    => URL: https://kztimerglobal.com/api/v2.0/auth/status
[GlobalAPI-Logging] 06/09/2022 - 01:25:14      => Params: -
[GlobalAPI-Logging] 06/09/2022 - 01:39:17 (GOKZ Global) API call failed!
[GlobalAPI-Logging] 06/09/2022 - 01:39:17  => Method: GET
[GlobalAPI-Logging] 06/09/2022 - 01:39:17   => Status: 401
[GlobalAPI-Logging] 06/09/2022 - 01:39:17    => URL: https://kztimerglobal.com/api/v2.0/auth/status
[GlobalAPI-Logging] 06/09/2022 - 01:39:17      => Params: -
[GlobalAPI-Logging] 06/09/2022 - 01:39:17 (GOKZ Global) API call failed!
[GlobalAPI-Logging] 06/09/2022 - 01:39:17  => Method: GET
[GlobalAPI-Logging] 06/09/2022 - 01:39:17   => Status: 401
[GlobalAPI-Logging] 06/09/2022 - 01:39:17    => URL: https://kztimerglobal.com/api/v2.0/auth/status
[GlobalAPI-Logging] 06/09/2022 - 01:39:17      => Params: -
[GlobalAPI-Logging] 06/09/2022 - 01:39:43 (GOKZ Global) API call failed!
[GlobalAPI-Logging] 06/09/2022 - 01:39:43  => Method: GET
[GlobalAPI-Logging] 06/09/2022 - 01:39:43   => Status: 401
[GlobalAPI-Logging] 06/09/2022 - 01:39:43    => URL: https://kztimerglobal.com/api/v2.0/auth/status
[GlobalAPI-Logging] 06/09/2022 - 01:39:43      => Params: -
[GlobalAPI-Logging] 06/09/2022 - 01:39:43 (GOKZ Global) API call failed!
[GlobalAPI-Logging] 06/09/2022 - 01:39:43  => Method: GET
[GlobalAPI-Logging] 06/09/2022 - 01:39:43   => Status: 401
[GlobalAPI-Logging] 06/09/2022 - 01:39:43    => URL: https://kztimerglobal.com/api/v2.0/auth/status
[GlobalAPI-Logging] 06/09/2022 - 01:39:43      => Params: -
[GlobalAPI-Logging] 06/09/2022 - 01:40:07 (GOKZ Global) API call failed!
[GlobalAPI-Logging] 06/09/2022 - 01:40:07  => Method: GET
[GlobalAPI-Logging] 06/09/2022 - 01:40:07   => Status: 401
[GlobalAPI-Logging] 06/09/2022 - 01:40:07    => URL: https://kztimerglobal.com/api/v2.0/auth/status
[GlobalAPI-Logging] 06/09/2022 - 01:40:07      => Params: -
[GlobalAPI-Logging] 06/09/2022 - 01:40:07 (GOKZ Global) API call failed!
[GlobalAPI-Logging] 06/09/2022 - 01:40:07  => Method: GET
[GlobalAPI-Logging] 06/09/2022 - 01:40:07   => Status: 401
[GlobalAPI-Logging] 06/09/2022 - 01:40:07    => URL: https://kztimerglobal.com/api/v2.0/auth/status
[GlobalAPI-Logging] 06/09/2022 - 01:40:07      => Params: -
[GlobalAPI-Logging] 06/09/2022 - 01:40:33 (GOKZ Global) API call failed!
[GlobalAPI-Logging] 06/09/2022 - 01:40:33  => Method: GET
[GlobalAPI-Logging] 06/09/2022 - 01:40:33   => Status: 401
[GlobalAPI-Logging] 06/09/2022 - 01:40:33    => URL: https://kztimerglobal.com/api/v2.0/auth/status
[GlobalAPI-Logging] 06/09/2022 - 01:40:33      => Params: -
[GlobalAPI-Logging] 06/09/2022 - 01:40:33 (GOKZ Global) API call failed!
[GlobalAPI-Logging] 06/09/2022 - 01:40:33  => Method: GET
[GlobalAPI-Logging] 06/09/2022 - 01:40:33   => Status: 401
[GlobalAPI-Logging] 06/09/2022 - 01:40:33    => URL: https://kztimerglobal.com/api/v2.0/auth/status
[GlobalAPI-Logging] 06/09/2022 - 01:40:33      => Params: -
[GlobalAPI-Logging] 06/09/2022 - 01:41:32 (GOKZ Global) API call failed!
[GlobalAPI-Logging] 06/09/2022 - 01:41:32  => Method: GET
[GlobalAPI-Logging] 06/09/2022 - 01:41:32   => Status: 401
[GlobalAPI-Logging] 06/09/2022 - 01:41:32    => URL: https://kztimerglobal.com/api/v2.0/auth/status
[GlobalAPI-Logging] 06/09/2022 - 01:41:32      => Params: -
[GlobalAPI-Logging] 06/09/2022 - 01:41:32 (GOKZ Global) API call failed!
[GlobalAPI-Logging] 06/09/2022 - 01:41:32  => Method: GET
[GlobalAPI-Logging] 06/09/2022 - 01:41:32   => Status: 401
[GlobalAPI-Logging] 06/09/2022 - 01:41:32    => URL: https://kztimerglobal.com/api/v2.0/auth/status
[GlobalAPI-Logging] 06/09/2022 - 01:41:32      => Params: -
[GlobalAPI-Logging] 06/09/2022 - 01:50:14 (GOKZ Global) API call failed!
[GlobalAPI-Logging] 06/09/2022 - 01:50:14  => Method: GET
[GlobalAPI-Logging] 06/09/2022 - 01:50:14   => Status: 401
[GlobalAPI-Logging] 06/09/2022 - 01:50:14    => URL: https://kztimerglobal.com/api/v2.0/auth/status
[GlobalAPI-Logging] 06/09/2022 - 01:50:14      => Params: -
[GlobalAPI-Logging] 06/09/2022 - 01:50:14 (GOKZ Global) API call failed!
[GlobalAPI-Logging] 06/09/2022 - 01:50:14  => Method: GET
[GlobalAPI-Logging] 06/09/2022 - 01:50:14   => Status: 401
[GlobalAPI-Logging] 06/09/2022 - 01:50:14    => URL: https://kztimerglobal.com/api/v2.0/auth/status
[GlobalAPI-Logging] 06/09/2022 - 01:50:14      => Params: -
[GlobalAPI-Logging] 06/09/2022 - 02:12:56 (GOKZ Global) API call failed!
[GlobalAPI-Logging] 06/09/2022 - 02:12:56  => Method: GET
[GlobalAPI-Logging] 06/09/2022 - 02:12:56   => Status: 401
[GlobalAPI-Logging] 06/09/2022 - 02:12:56    => URL: https://kztimerglobal.com/api/v2.0/auth/status
[GlobalAPI-Logging] 06/09/2022 - 02:12:56      => Params: -
[GlobalAPI-Logging] 06/09/2022 - 02:19:20 (GOKZ Global) API call failed!
[GlobalAPI-Logging] 06/09/2022 - 02:19:20  => Method: GET
[GlobalAPI-Logging] 06/09/2022 - 02:19:20   => Status: 401
[GlobalAPI-Logging] 06/09/2022 - 02:19:20    => URL: https://kztimerglobal.com/api/v2.0/auth/status
[GlobalAPI-Logging] 06/09/2022 - 02:19:20      => Params: -
[GlobalAPI-Logging] 06/09/2022 - 02:19:25 (GOKZ Global) API call failed!
[GlobalAPI-Logging] 06/09/2022 - 02:19:25  => Method: GET
[GlobalAPI-Logging] 06/09/2022 - 02:19:25   => Status: 401
[GlobalAPI-Logging] 06/09/2022 - 02:19:25    => URL: https://kztimerglobal.com/api/v2.0/auth/status
[GlobalAPI-Logging] 06/09/2022 - 02:19:25      => Params: -
[GlobalAPI-Logging] 06/09/2022 - 02:19:25 (GOKZ Global) API call failed!
[GlobalAPI-Logging] 06/09/2022 - 02:19:25  => Method: GET
[GlobalAPI-Logging] 06/09/2022 - 02:19:25   => Status: 401
[GlobalAPI-Logging] 06/09/2022 - 02:19:25    => URL: https://kztimerglobal.com/api/v2.0/auth/status
[GlobalAPI-Logging] 06/09/2022 - 02:19:25      => Params: -
[GlobalAPI-Logging] 06/09/2022 - 02:20:04 (GOKZ Global) API call failed!
[GlobalAPI-Logging] 06/09/2022 - 02:20:04  => Method: GET
[GlobalAPI-Logging] 06/09/2022 - 02:20:04   => Status: 401
[GlobalAPI-Logging] 06/09/2022 - 02:20:04    => URL: https://kztimerglobal.com/api/v2.0/auth/status
[GlobalAPI-Logging] 06/09/2022 - 02:20:04      => Params: -
[GlobalAPI-Logging] 06/09/2022 - 02:20:04 (GOKZ Global) API call failed!
[GlobalAPI-Logging] 06/09/2022 - 02:20:04  => Method: GET
[GlobalAPI-Logging] 06/09/2022 - 02:20:04   => Status: 401
[GlobalAPI-Logging] 06/09/2022 - 02:20:04    => URL: https://kztimerglobal.com/api/v2.0/auth/status
[GlobalAPI-Logging] 06/09/2022 - 02:20:04      => Params: -
[GlobalAPI-Logging] 06/09/2022 - 02:20:30 (GOKZ Global) API call failed!
[GlobalAPI-Logging] 06/09/2022 - 02:20:30  => Method: GET
[GlobalAPI-Logging] 06/09/2022 - 02:20:30   => Status: 401
[GlobalAPI-Logging] 06/09/2022 - 02:20:30    => URL: https://kztimerglobal.com/api/v2.0/auth/status
[GlobalAPI-Logging] 06/09/2022 - 02:20:30      => Params: -
[GlobalAPI-Logging] 06/09/2022 - 02:20:30 (GOKZ Global) API call failed!
[GlobalAPI-Logging] 06/09/2022 - 02:20:30  => Method: GET
[GlobalAPI-Logging] 06/09/2022 - 02:20:30   => Status: 401
[GlobalAPI-Logging] 06/09/2022 - 02:20:30    => URL: https://kztimerglobal.com/api/v2.0/auth/status
[GlobalAPI-Logging] 06/09/2022 - 02:20:30      => Params: -
[GlobalAPI-Logging] 06/09/2022 - 02:21:23 (GOKZ Global) API call failed!
[GlobalAPI-Logging] 06/09/2022 - 02:21:23  => Method: GET
[GlobalAPI-Logging] 06/09/2022 - 02:21:23   => Status: 401
[GlobalAPI-Logging] 06/09/2022 - 02:21:23    => URL: https://kztimerglobal.com/api/v2.0/auth/status
[GlobalAPI-Logging] 06/09/2022 - 02:21:23      => Params: -
[GlobalAPI-Logging] 06/09/2022 - 02:21:23 (GOKZ Global) API call failed!
[GlobalAPI-Logging] 06/09/2022 - 02:21:23  => Method: GET
[GlobalAPI-Logging] 06/09/2022 - 02:21:23   => Status: 401
[GlobalAPI-Logging] 06/09/2022 - 02:21:23    => URL: https://kztimerglobal.com/api/v2.0/auth/status
[GlobalAPI-Logging] 06/09/2022 - 02:21:23      => Params: -
[GlobalAPI-Logging] 06/09/2022 - 02:21:43 (GOKZ Global) API call failed!
[GlobalAPI-Logging] 06/09/2022 - 02:21:43  => Method: GET
[GlobalAPI-Logging] 06/09/2022 - 02:21:43   => Status: 401
[GlobalAPI-Logging] 06/09/2022 - 02:21:43    => URL: https://kztimerglobal.com/api/v2.0/auth/status
[GlobalAPI-Logging] 06/09/2022 - 02:21:43      => Params: -
[GlobalAPI-Logging] 06/09/2022 - 02:21:43 (GOKZ Global) API call failed!
[GlobalAPI-Logging] 06/09/2022 - 02:21:43  => Method: GET
[GlobalAPI-Logging] 06/09/2022 - 02:21:43   => Status: 401
[GlobalAPI-Logging] 06/09/2022 - 02:21:43    => URL: https://kztimerglobal.com/api/v2.0/auth/status
[GlobalAPI-Logging] 06/09/2022 - 02:21:43      => Params: -
[GlobalAPI-Logging] 06/09/2022 - 02:23:06 (GOKZ Global) API call failed!
[GlobalAPI-Logging] 06/09/2022 - 02:23:06  => Method: GET
[GlobalAPI-Logging] 06/09/2022 - 02:23:06   => Status: 401
[GlobalAPI-Logging] 06/09/2022 - 02:23:06    => URL: https://kztimerglobal.com/api/v2.0/auth/status
[GlobalAPI-Logging] 06/09/2022 - 02:23:06      => Params: -
[GlobalAPI-Logging] 06/09/2022 - 02:23:06 (GOKZ Global) API call failed!
[GlobalAPI-Logging] 06/09/2022 - 02:23:06  => Method: GET
[GlobalAPI-Logging] 06/09/2022 - 02:23:06   => Status: 401
[GlobalAPI-Logging] 06/09/2022 - 02:23:06    => URL: https://kztimerglobal.com/api/v2.0/auth/status
[GlobalAPI-Logging] 06/09/2022 - 02:23:06      => Params: -
[GlobalAPI-Logging] 06/09/2022 - 02:31:07 (GOKZ Global) API call failed!
[GlobalAPI-Logging] 06/09/2022 - 02:31:07  => Method: GET
[GlobalAPI-Logging] 06/09/2022 - 02:31:07   => Status: 401
[GlobalAPI-Logging] 06/09/2022 - 02:31:07    => URL: https://kztimerglobal.com/api/v2.0/auth/status
[GlobalAPI-Logging] 06/09/2022 - 02:31:07      => Params: -
[GlobalAPI-Logging] 06/09/2022 - 02:31:07 (GOKZ Global) API call failed!
[GlobalAPI-Logging] 06/09/2022 - 02:31:07  => Method: GET
[GlobalAPI-Logging] 06/09/2022 - 02:31:07   => Status: 401
[GlobalAPI-Logging] 06/09/2022 - 02:31:07    => URL: https://kztimerglobal.com/api/v2.0/auth/status
[GlobalAPI-Logging] 06/09/2022 - 02:31:07      => Params: -
[GlobalAPI-Logging] 06/09/2022 - 02:49:26 (GOKZ Global) API call failed!
[GlobalAPI-Logging] 06/09/2022 - 02:49:26  => Method: GET
[GlobalAPI-Logging] 06/09/2022 - 02:49:26   => Status: 401
[GlobalAPI-Logging] 06/09/2022 - 02:49:26    => URL: https://kztimerglobal.com/api/v2.0/auth/status
[GlobalAPI-Logging] 06/09/2022 - 02:49:26      => Params: -
[GlobalAPI-Logging] 06/09/2022 - 02:49:26 (GOKZ Global) API call failed!
[GlobalAPI-Logging] 06/09/2022 - 02:49:26  => Method: GET
[GlobalAPI-Logging] 06/09/2022 - 02:49:26   => Status: 401
[GlobalAPI-Logging] 06/09/2022 - 02:49:26    => URL: https://kztimerglobal.com/api/v2.0/auth/status
[GlobalAPI-Logging] 06/09/2022 - 02:49:26      => Params: -
[GlobalAPI-Logging] 06/09/2022 - 02:51:07 (GOKZ Global) API call failed!
[GlobalAPI-Logging] 06/09/2022 - 02:51:07  => Method: GET
[GlobalAPI-Logging] 06/09/2022 - 02:51:07   => Status: 401
[GlobalAPI-Logging] 06/09/2022 - 02:51:07    => URL: https://kztimerglobal.com/api/v2.0/auth/status
[GlobalAPI-Logging] 06/09/2022 - 02:51:07      => Params: -
[GlobalAPI-Logging] 06/09/2022 - 02:51:41 (GOKZ Global) API call failed!
[GlobalAPI-Logging] 06/09/2022 - 02:51:41  => Method: GET
[GlobalAPI-Logging] 06/09/2022 - 02:51:41   => Status: 401
[GlobalAPI-Logging] 06/09/2022 - 02:51:41    => URL: https://kztimerglobal.com/api/v2.0/auth/status
[GlobalAPI-Logging] 06/09/2022 - 02:51:41      => Params: -
[GlobalAPI-Logging] 06/09/2022 - 02:51:41 (GOKZ Global) API call failed!
[GlobalAPI-Logging] 06/09/2022 - 02:51:41  => Method: GET
[GlobalAPI-Logging] 06/09/2022 - 02:51:41   => Status: 401
[GlobalAPI-Logging] 06/09/2022 - 02:51:41    => URL: https://kztimerglobal.com/api/v2.0/auth/status
[GlobalAPI-Logging] 06/09/2022 - 02:51:41      => Params: -
[GlobalAPI-Logging] 06/09/2022 - 02:52:30 (GOKZ Global) API call failed!
[GlobalAPI-Logging] 06/09/2022 - 02:52:30  => Method: GET
[GlobalAPI-Logging] 06/09/2022 - 02:52:30   => Status: 401
[GlobalAPI-Logging] 06/09/2022 - 02:52:30    => URL: https://kztimerglobal.com/api/v2.0/auth/status
[GlobalAPI-Logging] 06/09/2022 - 02:52:30      => Params: -
[GlobalAPI-Logging] 06/09/2022 - 02:52:30 (GOKZ Global) API call failed!
[GlobalAPI-Logging] 06/09/2022 - 02:52:30  => Method: GET
[GlobalAPI-Logging] 06/09/2022 - 02:52:30   => Status: 401
[GlobalAPI-Logging] 06/09/2022 - 02:52:30    => URL: https://kztimerglobal.com/api/v2.0/auth/status
[GlobalAPI-Logging] 06/09/2022 - 02:52:30      => Params: -
[GlobalAPI-Logging] 06/09/2022 - 02:53:05 (GOKZ Global) API call failed!
[GlobalAPI-Logging] 06/09/2022 - 02:53:05  => Method: GET
[GlobalAPI-Logging] 06/09/2022 - 02:53:05   => Status: 401
[GlobalAPI-Logging] 06/09/2022 - 02:53:05    => URL: https://kztimerglobal.com/api/v2.0/auth/status
[GlobalAPI-Logging] 06/09/2022 - 02:53:05      => Params: -
[GlobalAPI-Logging] 06/09/2022 - 02:53:05 (GOKZ Global) API call failed!
[GlobalAPI-Logging] 06/09/2022 - 02:53:05  => Method: GET
[GlobalAPI-Logging] 06/09/2022 - 02:53:05   => Status: 401
[GlobalAPI-Logging] 06/09/2022 - 02:53:05    => URL: https://kztimerglobal.com/api/v2.0/auth/status
[GlobalAPI-Logging] 06/09/2022 - 02:53:05      => Params: -
[GlobalAPI-Logging] 06/09/2022 - 02:53:21 (GOKZ Global) API call failed!
[GlobalAPI-Logging] 06/09/2022 - 02:53:21  => Method: GET
[GlobalAPI-Logging] 06/09/2022 - 02:53:21   => Status: 401
[GlobalAPI-Logging] 06/09/2022 - 02:53:21    => URL: https://kztimerglobal.com/api/v2.0/auth/status
[GlobalAPI-Logging] 06/09/2022 - 02:53:21      => Params: -
[GlobalAPI-Logging] 06/09/2022 - 02:53:21 (GOKZ Global) API call failed!
[GlobalAPI-Logging] 06/09/2022 - 02:53:21  => Method: GET
[GlobalAPI-Logging] 06/09/2022 - 02:53:21   => Status: 401
[GlobalAPI-Logging] 06/09/2022 - 02:53:21    => URL: https://kztimerglobal.com/api/v2.0/auth/status
[GlobalAPI-Logging] 06/09/2022 - 02:53:21      => Params: -
[GlobalAPI-Logging] 06/09/2022 - 02:53:38 (GOKZ Global) API call failed!
[GlobalAPI-Logging] 06/09/2022 - 02:53:38  => Method: GET
[GlobalAPI-Logging] 06/09/2022 - 02:53:38   => Status: 401
[GlobalAPI-Logging] 06/09/2022 - 02:53:38    => URL: https://kztimerglobal.com/api/v2.0/auth/status
[GlobalAPI-Logging] 06/09/2022 - 02:53:38      => Params: -
[GlobalAPI-Logging] 06/09/2022 - 02:53:38 (GOKZ Global) API call failed!
[GlobalAPI-Logging] 06/09/2022 - 02:53:38  => Method: GET
[GlobalAPI-Logging] 06/09/2022 - 02:53:38   => Status: 401
[GlobalAPI-Logging] 06/09/2022 - 02:53:38    => URL: https://kztimerglobal.com/api/v2.0/auth/status
[GlobalAPI-Logging] 06/09/2022 - 02:53:38      => Params: -
[GlobalAPI-Logging] 06/09/2022 - 02:53:59 (GOKZ Global) API call failed!
[GlobalAPI-Logging] 06/09/2022 - 02:53:59  => Method: GET
[GlobalAPI-Logging] 06/09/2022 - 02:53:59   => Status: 401
[GlobalAPI-Logging] 06/09/2022 - 02:53:59    => URL: https://kztimerglobal.com/api/v2.0/auth/status
[GlobalAPI-Logging] 06/09/2022 - 02:53:59      => Params: -
[GlobalAPI-Logging] 06/09/2022 - 02:53:59 (GOKZ Global) API call failed!
[GlobalAPI-Logging] 06/09/2022 - 02:53:59  => Method: GET
[GlobalAPI-Logging] 06/09/2022 - 02:53:59   => Status: 401
[GlobalAPI-Logging] 06/09/2022 - 02:53:59    => URL: https://kztimerglobal.com/api/v2.0/auth/status
[GlobalAPI-Logging] 06/09/2022 - 02:53:59      => Params: -
[GlobalAPI-Logging] 06/09/2022 - 02:54:21 (GOKZ Global) API call failed!
[GlobalAPI-Logging] 06/09/2022 - 02:54:21  => Method: GET
[GlobalAPI-Logging] 06/09/2022 - 02:54:21   => Status: 401
[GlobalAPI-Logging] 06/09/2022 - 02:54:21    => URL: https://kztimerglobal.com/api/v2.0/auth/status
[GlobalAPI-Logging] 06/09/2022 - 02:54:21      => Params: -
[GlobalAPI-Logging] 06/09/2022 - 02:54:21 (GOKZ Global) API call failed!
[GlobalAPI-Logging] 06/09/2022 - 02:54:21  => Method: GET
[GlobalAPI-Logging] 06/09/2022 - 02:54:21   => Status: 401
[GlobalAPI-Logging] 06/09/2022 - 02:54:21    => URL: https://kztimerglobal.com/api/v2.0/auth/status
[GlobalAPI-Logging] 06/09/2022 - 02:54:21      => Params: -
[GlobalAPI-Logging] 06/09/2022 - 06:14:18 (GOKZ Global) API call failed!
[GlobalAPI-Logging] 06/09/2022 - 06:14:18  => Method: GET
[GlobalAPI-Logging] 06/09/2022 - 06:14:18   => Status: 401
[GlobalAPI-Logging] 06/09/2022 - 06:14:18    => URL: https://kztimerglobal.com/api/v2.0/auth/status
[GlobalAPI-Logging] 06/09/2022 - 06:14:18      => Params: -
[GlobalAPI-Logging] 06/09/2022 - 06:14:18 (GOKZ Global) API call failed!
[GlobalAPI-Logging] 06/09/2022 - 06:14:18  => Method: GET
[GlobalAPI-Logging] 06/09/2022 - 06:14:18   => Status: 401
[GlobalAPI-Logging] 06/09/2022 - 06:14:18    => URL: https://kztimerglobal.com/api/v2.0/auth/status
[GlobalAPI-Logging] 06/09/2022 - 06:14:18      => Params: -
[GlobalAPI-Logging] 06/09/2022 - 06:15:47 (GOKZ Global) API call failed!
[GlobalAPI-Logging] 06/09/2022 - 06:15:47  => Method: GET
[GlobalAPI-Logging] 06/09/2022 - 06:15:47   => Status: 400
[GlobalAPI-Logging] 06/09/2022 - 06:15:47    => URL: https://kztimerglobal.com/api/v2.0/player_ranks
[GlobalAPI-Logging] 06/09/2022 - 06:15:47      => Params: ?map_ids=553&mode_ids=200&tickrates=128&stages=0&steamid64s=STEAM_ID_STOP_IGNORI
[GlobalAPI-Logging] 06/09/2022 - 06:15:47 (GOKZ Global) API call failed!
[GlobalAPI-Logging] 06/09/2022 - 06:15:47  => Method: GET
[GlobalAPI-Logging] 06/09/2022 - 06:15:47   => Status: 400
[GlobalAPI-Logging] 06/09/2022 - 06:15:47    => URL: https://kztimerglobal.com/api/v2.0/player_ranks
[GlobalAPI-Logging] 06/09/2022 - 06:15:47      => Params: ?has_teleports=false&mode_ids=200&tickrates=128&stages=0&steamid64s=STEAM_ID_STOP_IGNORI
[GlobalAPI-Logging] 06/09/2022 - 06:15:47 (GOKZ Global) API call failed!
[GlobalAPI-Logging] 06/09/2022 - 06:15:47  => Method: GET
[GlobalAPI-Logging] 06/09/2022 - 06:15:47   => Status: 400
[GlobalAPI-Logging] 06/09/2022 - 06:15:47    => URL: https://kztimerglobal.com/api/v2.0/player_ranks
[GlobalAPI-Logging] 06/09/2022 - 06:15:47      => Params: ?mode_ids=200&tickrates=128&stages=0&steamid64s=STEAM_ID_STOP_IGNORI
[GlobalAPI-Logging] 06/09/2022 - 06:15:47 (GOKZ Global) API call failed!
[GlobalAPI-Logging] 06/09/2022 - 06:15:47  => Method: GET
[GlobalAPI-Logging] 06/09/2022 - 06:15:47   => Status: 400
[GlobalAPI-Logging] 06/09/2022 - 06:15:47    => URL: https://kztimerglobal.com/api/v2.0/player_ranks
[GlobalAPI-Logging] 06/09/2022 - 06:15:47      => Params: ?has_teleports=false&map_ids=553&mode_ids=200&tickrates=128&stages=0&steamid64s=STEAM_ID_STOP_IGNORI
[GlobalAPI-Logging] 06/09/2022 - 06:23:53 (GOKZ Global) API call failed!
[GlobalAPI-Logging] 06/09/2022 - 06:23:53  => Method: GET
[GlobalAPI-Logging] 06/09/2022 - 06:23:53   => Status: 401
[GlobalAPI-Logging] 06/09/2022 - 06:23:53    => URL: https://kztimerglobal.com/api/v2.0/auth/status
[GlobalAPI-Logging] 06/09/2022 - 06:23:53      => Params: -
[GlobalAPI-Logging] 06/09/2022 - 06:23:53 (GOKZ Global) API call failed!
[GlobalAPI-Logging] 06/09/2022 - 06:23:53  => Method: GET
[GlobalAPI-Logging] 06/09/2022 - 06:23:53   => Status: 401
[GlobalAPI-Logging] 06/09/2022 - 06:23:53    => URL: https://kztimerglobal.com/api/v2.0/auth/status
[GlobalAPI-Logging] 06/09/2022 - 06:23:53      => Params: -
[GlobalAPI-Logging] 06/09/2022 - 06:25:26 (GOKZ Global) API call failed!
[GlobalAPI-Logging] 06/09/2022 - 06:25:26  => Method: GET
[GlobalAPI-Logging] 06/09/2022 - 06:25:26   => Status: 401
[GlobalAPI-Logging] 06/09/2022 - 06:25:26    => URL: https://kztimerglobal.com/api/v2.0/auth/status
[GlobalAPI-Logging] 06/09/2022 - 06:25:26      => Params: -
[GlobalAPI-Logging] 06/09/2022 - 06:25:26 (GOKZ Global) API call failed!
[GlobalAPI-Logging] 06/09/2022 - 06:25:26  => Method: GET
[GlobalAPI-Logging] 06/09/2022 - 06:25:26   => Status: 401
[GlobalAPI-Logging] 06/09/2022 - 06:25:26    => URL: https://kztimerglobal.com/api/v2.0/auth/status
[GlobalAPI-Logging] 06/09/2022 - 06:25:26      => Params: -
[GlobalAPI-Logging] 06/09/2022 - 06:26:37 (GOKZ Global) API call failed!
[GlobalAPI-Logging] 06/09/2022 - 06:26:37  => Method: GET
[GlobalAPI-Logging] 06/09/2022 - 06:26:37   => Status: 401
[GlobalAPI-Logging] 06/09/2022 - 06:26:37    => URL: https://kztimerglobal.com/api/v2.0/auth/status
[GlobalAPI-Logging] 06/09/2022 - 06:26:37      => Params: -
[GlobalAPI-Logging] 06/09/2022 - 06:26:37 (GOKZ Global) API call failed!
[GlobalAPI-Logging] 06/09/2022 - 06:26:37  => Method: GET
[GlobalAPI-Logging] 06/09/2022 - 06:26:37   => Status: 401
[GlobalAPI-Logging] 06/09/2022 - 06:26:37    => URL: https://kztimerglobal.com/api/v2.0/auth/status
[GlobalAPI-Logging] 06/09/2022 - 06:26:37      => Params: -
[GlobalAPI-Logging] 06/09/2022 - 06:32:49 (GOKZ Global) API call failed!
[GlobalAPI-Logging] 06/09/2022 - 06:32:49  => Method: GET
[GlobalAPI-Logging] 06/09/2022 - 06:32:49   => Status: 401
[GlobalAPI-Logging] 06/09/2022 - 06:32:49    => URL: https://kztimerglobal.com/api/v2.0/auth/status
[GlobalAPI-Logging] 06/09/2022 - 06:32:49      => Params: -
[GlobalAPI-Logging] 06/09/2022 - 06:32:49 (GOKZ Global) API call failed!
[GlobalAPI-Logging] 06/09/2022 - 06:32:49  => Method: GET
[GlobalAPI-Logging] 06/09/2022 - 06:32:49   => Status: 401
[GlobalAPI-Logging] 06/09/2022 - 06:32:49    => URL: https://kztimerglobal.com/api/v2.0/auth/status
[GlobalAPI-Logging] 06/09/2022 - 06:32:49      => Params: -
[GlobalAPI-Logging] 06/09/2022 - 06:33:27 (GOKZ Global) API call failed!
[GlobalAPI-Logging] 06/09/2022 - 06:33:27  => Method: GET
[GlobalAPI-Logging] 06/09/2022 - 06:33:27   => Status: 401
[GlobalAPI-Logging] 06/09/2022 - 06:33:27    => URL: https://kztimerglobal.com/api/v2.0/auth/status
[GlobalAPI-Logging] 06/09/2022 - 06:33:27      => Params: -
[GlobalAPI-Logging] 06/09/2022 - 06:33:27 (GOKZ Global) API call failed!
[GlobalAPI-Logging] 06/09/2022 - 06:33:27  => Method: GET
[GlobalAPI-Logging] 06/09/2022 - 06:33:27   => Status: 401
[GlobalAPI-Logging] 06/09/2022 - 06:33:27    => URL: https://kztimerglobal.com/api/v2.0/auth/status
[GlobalAPI-Logging] 06/09/2022 - 06:33:27      => Params: -
[GlobalAPI-Logging] 06/09/2022 - 07:08:23 (GOKZ Global) API call failed!
[GlobalAPI-Logging] 06/09/2022 - 07:08:23  => Method: GET
[GlobalAPI-Logging] 06/09/2022 - 07:08:23   => Status: 401
[GlobalAPI-Logging] 06/09/2022 - 07:08:23    => URL: https://kztimerglobal.com/api/v2.0/auth/status
[GlobalAPI-Logging] 06/09/2022 - 07:08:23      => Params: -
[GlobalAPI-Logging] 06/09/2022 - 07:08:23 (GOKZ Global) API call failed!
[GlobalAPI-Logging] 06/09/2022 - 07:08:23  => Method: GET
[GlobalAPI-Logging] 06/09/2022 - 07:08:23   => Status: 401
[GlobalAPI-Logging] 06/09/2022 - 07:08:23    => URL: https://kztimerglobal.com/api/v2.0/auth/status
[GlobalAPI-Logging] 06/09/2022 - 07:08:23      => Params: -
[GlobalAPI-Logging] 06/09/2022 - 07:09:09 (GOKZ Global) API call failed!
[GlobalAPI-Logging] 06/09/2022 - 07:09:09  => Method: GET
[GlobalAPI-Logging] 06/09/2022 - 07:09:09   => Status: 401
[GlobalAPI-Logging] 06/09/2022 - 07:09:09    => URL: https://kztimerglobal.com/api/v2.0/auth/status
[GlobalAPI-Logging] 06/09/2022 - 07:09:09      => Params: -
[GlobalAPI-Logging] 06/09/2022 - 07:09:09 (GOKZ Global) API call failed!
[GlobalAPI-Logging] 06/09/2022 - 07:09:09  => Method: GET
[GlobalAPI-Logging] 06/09/2022 - 07:09:09   => Status: 401
[GlobalAPI-Logging] 06/09/2022 - 07:09:09    => URL: https://kztimerglobal.com/api/v2.0/auth/status
[GlobalAPI-Logging] 06/09/2022 - 07:09:09      => Params: -
[GlobalAPI-Logging] 06/09/2022 - 07:09:44 (GOKZ Global) API call failed!
[GlobalAPI-Logging] 06/09/2022 - 07:09:44  => Method: GET
[GlobalAPI-Logging] 06/09/2022 - 07:09:44   => Status: 401
[GlobalAPI-Logging] 06/09/2022 - 07:09:44    => URL: https://kztimerglobal.com/api/v2.0/auth/status
[GlobalAPI-Logging] 06/09/2022 - 07:09:44      => Params: -
[GlobalAPI-Logging] 06/09/2022 - 07:09:44 (GOKZ Global) API call failed!
[GlobalAPI-Logging] 06/09/2022 - 07:09:44  => Method: GET
[GlobalAPI-Logging] 06/09/2022 - 07:09:44   => Status: 401
[GlobalAPI-Logging] 06/09/2022 - 07:09:44    => URL: https://kztimerglobal.com/api/v2.0/auth/status
[GlobalAPI-Logging] 06/09/2022 - 07:09:44      => Params: -
[GlobalAPI-Logging] 06/09/2022 - 07:48:24 (GOKZ Global) API call failed!
[GlobalAPI-Logging] 06/09/2022 - 07:48:24  => Method: GET
[GlobalAPI-Logging] 06/09/2022 - 07:48:24   => Status: 401
[GlobalAPI-Logging] 06/09/2022 - 07:48:24    => URL: https://kztimerglobal.com/api/v2.0/auth/status
[GlobalAPI-Logging] 06/09/2022 - 07:48:24      => Params: -
[GlobalAPI-Logging] 06/09/2022 - 07:48:24 (GOKZ Global) API call failed!
[GlobalAPI-Logging] 06/09/2022 - 07:48:24  => Method: GET
[GlobalAPI-Logging] 06/09/2022 - 07:48:24   => Status: 401
[GlobalAPI-Logging] 06/09/2022 - 07:48:24    => URL: https://kztimerglobal.com/api/v2.0/auth/status
[GlobalAPI-Logging] 06/09/2022 - 07:48:24      => Params: -
[GlobalAPI-Logging] 06/09/2022 - 09:50:59 (GOKZ Global) API call failed!
[GlobalAPI-Logging] 06/09/2022 - 09:50:59  => Method: GET
[GlobalAPI-Logging] 06/09/2022 - 09:50:59   => Status: 401
[GlobalAPI-Logging] 06/09/2022 - 09:50:59    => URL: https://kztimerglobal.com/api/v2.0/auth/status
[GlobalAPI-Logging] 06/09/2022 - 09:50:59      => Params: -
[GlobalAPI-Logging] 06/09/2022 - 09:50:59 (GOKZ Global) API call failed!
[GlobalAPI-Logging] 06/09/2022 - 09:50:59  => Method: GET
[GlobalAPI-Logging] 06/09/2022 - 09:50:59   => Status: 401
[GlobalAPI-Logging] 06/09/2022 - 09:50:59    => URL: https://kztimerglobal.com/api/v2.0/auth/status
[GlobalAPI-Logging] 06/09/2022 - 09:50:59      => Params: -
[GlobalAPI-Logging] 06/09/2022 - 10:32:58 (GOKZ Global) API call failed!
[GlobalAPI-Logging] 06/09/2022 - 10:32:58  => Method: GET
[GlobalAPI-Logging] 06/09/2022 - 10:32:58   => Status: 401
[GlobalAPI-Logging] 06/09/2022 - 10:32:58    => URL: https://kztimerglobal.com/api/v2.0/auth/status
[GlobalAPI-Logging] 06/09/2022 - 10:32:58      => Params: -
[GlobalAPI-Logging] 06/09/2022 - 10:32:58 (GOKZ Global) API call failed!
[GlobalAPI-Logging] 06/09/2022 - 10:32:58  => Method: GET
[GlobalAPI-Logging] 06/09/2022 - 10:32:58   => Status: 401
[GlobalAPI-Logging] 06/09/2022 - 10:32:58    => URL: https://kztimerglobal.com/api/v2.0/auth/status
[GlobalAPI-Logging] 06/09/2022 - 10:32:58      => Params: -
[GlobalAPI-Logging] 06/09/2022 - 11:31:54 (GOKZ Global) API call failed!
[GlobalAPI-Logging] 06/09/2022 - 11:31:54  => Method: GET
[GlobalAPI-Logging] 06/09/2022 - 11:31:54   => Status: 401
[GlobalAPI-Logging] 06/09/2022 - 11:31:54    => URL: https://kztimerglobal.com/api/v2.0/auth/status
[GlobalAPI-Logging] 06/09/2022 - 11:31:54      => Params: -
[GlobalAPI-Logging] 06/09/2022 - 11:31:54 (GOKZ Global) API call failed!
[GlobalAPI-Logging] 06/09/2022 - 11:31:54  => Method: GET
[GlobalAPI-Logging] 06/09/2022 - 11:31:54   => Status: 401
[GlobalAPI-Logging] 06/09/2022 - 11:31:54    => URL: https://kztimerglobal.com/api/v2.0/auth/status
[GlobalAPI-Logging] 06/09/2022 - 11:31:54      => Params: -
[GlobalAPI-Logging] 06/09/2022 - 11:33:30 (GOKZ Global) API call failed!
[GlobalAPI-Logging] 06/09/2022 - 11:33:30  => Method: GET
[GlobalAPI-Logging] 06/09/2022 - 11:33:30   => Status: 401
[GlobalAPI-Logging] 06/09/2022 - 11:33:30    => URL: https://kztimerglobal.com/api/v2.0/auth/status
[GlobalAPI-Logging] 06/09/2022 - 11:33:30      => Params: -
[GlobalAPI-Logging] 06/09/2022 - 11:33:30 (GOKZ Global) API call failed!
[GlobalAPI-Logging] 06/09/2022 - 11:33:30  => Method: GET
[GlobalAPI-Logging] 06/09/2022 - 11:33:30   => Status: 401
[GlobalAPI-Logging] 06/09/2022 - 11:33:30    => URL: https://kztimerglobal.com/api/v2.0/auth/status
[GlobalAPI-Logging] 06/09/2022 - 11:33:30      => Params: -
[GlobalAPI-Logging] 06/09/2022 - 11:33:51 (GOKZ Global) API call failed!
[GlobalAPI-Logging] 06/09/2022 - 11:33:51  => Method: GET
[GlobalAPI-Logging] 06/09/2022 - 11:33:51   => Status: 401
[GlobalAPI-Logging] 06/09/2022 - 11:33:51    => URL: https://kztimerglobal.com/api/v2.0/auth/status
[GlobalAPI-Logging] 06/09/2022 - 11:33:51      => Params: -
[GlobalAPI-Logging] 06/09/2022 - 11:33:51 (GOKZ Global) API call failed!
[GlobalAPI-Logging] 06/09/2022 - 11:33:51  => Method: GET
[GlobalAPI-Logging] 06/09/2022 - 11:33:51   => Status: 401
[GlobalAPI-Logging] 06/09/2022 - 11:33:51    => URL: https://kztimerglobal.com/api/v2.0/auth/status
[GlobalAPI-Logging] 06/09/2022 - 11:33:51      => Params: -
[GlobalAPI-Logging] 06/09/2022 - 11:50:05 (GOKZ Global) API call failed!
[GlobalAPI-Logging] 06/09/2022 - 11:50:05  => Method: GET
[GlobalAPI-Logging] 06/09/2022 - 11:50:05   => Status: 401
[GlobalAPI-Logging] 06/09/2022 - 11:50:05    => URL: https://kztimerglobal.com/api/v2.0/auth/status
[GlobalAPI-Logging] 06/09/2022 - 11:50:05      => Params: -
[GlobalAPI-Logging] 06/09/2022 - 11:50:05 (GOKZ Global) API call failed!
[GlobalAPI-Logging] 06/09/2022 - 11:50:05  => Method: GET
[GlobalAPI-Logging] 06/09/2022 - 11:50:05   => Status: 401
[GlobalAPI-Logging] 06/09/2022 - 11:50:05    => URL: https://kztimerglobal.com/api/v2.0/auth/status
[GlobalAPI-Logging] 06/09/2022 - 11:50:05      => Params: -
[GlobalAPI-Logging] 06/09/2022 - 11:50:27 (GOKZ Global) API call failed!
[GlobalAPI-Logging] 06/09/2022 - 11:50:27  => Method: GET
[GlobalAPI-Logging] 06/09/2022 - 11:50:27   => Status: 401
[GlobalAPI-Logging] 06/09/2022 - 11:50:27    => URL: https://kztimerglobal.com/api/v2.0/auth/status
[GlobalAPI-Logging] 06/09/2022 - 11:50:27      => Params: -
[GlobalAPI-Logging] 06/09/2022 - 11:50:27 (GOKZ Global) API call failed!
[GlobalAPI-Logging] 06/09/2022 - 11:50:27  => Method: GET
[GlobalAPI-Logging] 06/09/2022 - 11:50:27   => Status: 401
[GlobalAPI-Logging] 06/09/2022 - 11:50:27    => URL: https://kztimerglobal.com/api/v2.0/auth/status
[GlobalAPI-Logging] 06/09/2022 - 11:50:27      => Params: -
[GlobalAPI-Logging] 06/09/2022 - 11:53:33 (GOKZ Global) API call failed!
[GlobalAPI-Logging] 06/09/2022 - 11:53:33  => Method: GET
[GlobalAPI-Logging] 06/09/2022 - 11:53:33   => Status: 401
[GlobalAPI-Logging] 06/09/2022 - 11:53:33    => URL: https://kztimerglobal.com/api/v2.0/auth/status
[GlobalAPI-Logging] 06/09/2022 - 11:53:33      => Params: -
[GlobalAPI-Logging] 06/09/2022 - 11:55:22 (GOKZ Global) API call failed!
[GlobalAPI-Logging] 06/09/2022 - 11:55:22  => Method: GET
[GlobalAPI-Logging] 06/09/2022 - 11:55:22   => Status: 401
[GlobalAPI-Logging] 06/09/2022 - 11:55:22    => URL: https://kztimerglobal.com/api/v2.0/auth/status
[GlobalAPI-Logging] 06/09/2022 - 11:55:22      => Params: -
[GlobalAPI-Logging] 06/09/2022 - 11:55:22 (GOKZ Global) API call failed!
[GlobalAPI-Logging] 06/09/2022 - 11:55:22  => Method: GET
[GlobalAPI-Logging] 06/09/2022 - 11:55:22   => Status: 401
[GlobalAPI-Logging] 06/09/2022 - 11:55:22    => URL: https://kztimerglobal.com/api/v2.0/auth/status
[GlobalAPI-Logging] 06/09/2022 - 11:55:22      => Params: -
[GlobalAPI-Logging] 06/09/2022 - 11:58:59 (GOKZ Global) API call failed!
[GlobalAPI-Logging] 06/09/2022 - 11:58:59  => Method: GET
[GlobalAPI-Logging] 06/09/2022 - 11:58:59   => Status: 401
[GlobalAPI-Logging] 06/09/2022 - 11:58:59    => URL: https://kztimerglobal.com/api/v2.0/auth/status
[GlobalAPI-Logging] 06/09/2022 - 11:58:59      => Params: -
[GlobalAPI-Logging] 06/09/2022 - 11:59:07 (GOKZ Global) API call failed!
[GlobalAPI-Logging] 06/09/2022 - 11:59:07  => Method: GET
[GlobalAPI-Logging] 06/09/2022 - 11:59:07   => Status: 401
[GlobalAPI-Logging] 06/09/2022 - 11:59:07    => URL: https://kztimerglobal.com/api/v2.0/auth/status
[GlobalAPI-Logging] 06/09/2022 - 11:59:07      => Params: -
[GlobalAPI-Logging] 06/09/2022 - 11:59:07 (GOKZ Global) API call failed!
[GlobalAPI-Logging] 06/09/2022 - 11:59:07  => Method: GET
[GlobalAPI-Logging] 06/09/2022 - 11:59:07   => Status: 401
[GlobalAPI-Logging] 06/09/2022 - 11:59:07    => URL: https://kztimerglobal.com/api/v2.0/auth/status
[GlobalAPI-Logging] 06/09/2022 - 11:59:07      => Params: -
[GlobalAPI-Logging] 06/09/2022 - 12:01:39 (GOKZ Global) API call failed!
[GlobalAPI-Logging] 06/09/2022 - 12:01:39  => Method: GET
[GlobalAPI-Logging] 06/09/2022 - 12:01:39   => Status: 401
[GlobalAPI-Logging] 06/09/2022 - 12:01:39    => URL: https://kztimerglobal.com/api/v2.0/auth/status
[GlobalAPI-Logging] 06/09/2022 - 12:01:39      => Params: -
[GlobalAPI-Logging] 06/09/2022 - 12:01:45 (GOKZ Global) API call failed!
[GlobalAPI-Logging] 06/09/2022 - 12:01:45  => Method: GET
[GlobalAPI-Logging] 06/09/2022 - 12:01:45   => Status: 401
[GlobalAPI-Logging] 06/09/2022 - 12:01:45    => URL: https://kztimerglobal.com/api/v2.0/auth/status
[GlobalAPI-Logging] 06/09/2022 - 12:01:45      => Params: -
[GlobalAPI-Logging] 06/09/2022 - 12:01:45 (GOKZ Global) API call failed!
[GlobalAPI-Logging] 06/09/2022 - 12:01:45  => Method: GET
[GlobalAPI-Logging] 06/09/2022 - 12:01:45   => Status: 401
[GlobalAPI-Logging] 06/09/2022 - 12:01:45    => URL: https://kztimerglobal.com/api/v2.0/auth/status
[GlobalAPI-Logging] 06/09/2022 - 12:01:45      => Params: -
[GlobalAPI-Logging] 06/09/2022 - 12:17:10 (GOKZ Global) API call failed!
[GlobalAPI-Logging] 06/09/2022 - 12:17:10  => Method: GET
[GlobalAPI-Logging] 06/09/2022 - 12:17:10   => Status: 401
[GlobalAPI-Logging] 06/09/2022 - 12:17:10    => URL: https://kztimerglobal.com/api/v2.0/auth/status
[GlobalAPI-Logging] 06/09/2022 - 12:17:10      => Params: -
[GlobalAPI-Logging] 06/09/2022 - 12:17:10 (GOKZ Global) API call failed!
[GlobalAPI-Logging] 06/09/2022 - 12:17:10  => Method: GET
[GlobalAPI-Logging] 06/09/2022 - 12:17:10   => Status: 401
[GlobalAPI-Logging] 06/09/2022 - 12:17:10    => URL: https://kztimerglobal.com/api/v2.0/auth/status
[GlobalAPI-Logging] 06/09/2022 - 12:17:10      => Params: -
[GlobalAPI-Logging] 06/09/2022 - 12:18:27 (GOKZ Global) API call failed!
[GlobalAPI-Logging] 06/09/2022 - 12:18:27  => Method: GET
[GlobalAPI-Logging] 06/09/2022 - 12:18:27   => Status: 401
[GlobalAPI-Logging] 06/09/2022 - 12:18:27    => URL: https://kztimerglobal.com/api/v2.0/auth/status
[GlobalAPI-Logging] 06/09/2022 - 12:18:27      => Params: -
[GlobalAPI-Logging] 06/09/2022 - 12:18:27 (GOKZ Global) API call failed!
[GlobalAPI-Logging] 06/09/2022 - 12:18:27  => Method: GET
[GlobalAPI-Logging] 06/09/2022 - 12:18:27   => Status: 401
[GlobalAPI-Logging] 06/09/2022 - 12:18:27    => URL: https://kztimerglobal.com/api/v2.0/auth/status
[GlobalAPI-Logging] 06/09/2022 - 12:18:27      => Params: -
[GlobalAPI-Logging] 06/09/2022 - 12:18:58 (GOKZ Global) API call failed!
[GlobalAPI-Logging] 06/09/2022 - 12:18:58  => Method: GET
[GlobalAPI-Logging] 06/09/2022 - 12:18:58   => Status: 401
[GlobalAPI-Logging] 06/09/2022 - 12:18:58    => URL: https://kztimerglobal.com/api/v2.0/auth/status
[GlobalAPI-Logging] 06/09/2022 - 12:18:58      => Params: -
[GlobalAPI-Logging] 06/09/2022 - 12:18:58 (GOKZ Global) API call failed!
[GlobalAPI-Logging] 06/09/2022 - 12:18:58  => Method: GET
[GlobalAPI-Logging] 06/09/2022 - 12:18:58   => Status: 401
[GlobalAPI-Logging] 06/09/2022 - 12:18:58    => URL: https://kztimerglobal.com/api/v2.0/auth/status
[GlobalAPI-Logging] 06/09/2022 - 12:18:58      => Params: -
[GlobalAPI-Logging] 06/09/2022 - 12:20:51 (GOKZ Global) API call failed!
[GlobalAPI-Logging] 06/09/2022 - 12:20:51  => Method: GET
[GlobalAPI-Logging] 06/09/2022 - 12:20:51   => Status: 401
[GlobalAPI-Logging] 06/09/2022 - 12:20:51    => URL: https://kztimerglobal.com/api/v2.0/auth/status
[GlobalAPI-Logging] 06/09/2022 - 12:20:51      => Params: -
[GlobalAPI-Logging] 06/09/2022 - 12:20:51 (GOKZ Global) API call failed!
[GlobalAPI-Logging] 06/09/2022 - 12:20:51  => Method: GET
[GlobalAPI-Logging] 06/09/2022 - 12:20:51   => Status: 401
[GlobalAPI-Logging] 06/09/2022 - 12:20:51    => URL: https://kztimerglobal.com/api/v2.0/auth/status
[GlobalAPI-Logging] 06/09/2022 - 12:20:51      => Params: -
[GlobalAPI-Logging] 06/09/2022 - 12:23:57 (GOKZ Global) API call failed!
[GlobalAPI-Logging] 06/09/2022 - 12:23:57  => Method: GET
[GlobalAPI-Logging] 06/09/2022 - 12:23:57   => Status: 401
[GlobalAPI-Logging] 06/09/2022 - 12:23:57    => URL: https://kztimerglobal.com/api/v2.0/auth/status
[GlobalAPI-Logging] 06/09/2022 - 12:23:57      => Params: -
[GlobalAPI-Logging] 06/09/2022 - 12:23:57 (GOKZ Global) API call failed!
[GlobalAPI-Logging] 06/09/2022 - 12:23:57  => Method: GET
[GlobalAPI-Logging] 06/09/2022 - 12:23:57   => Status: 401
[GlobalAPI-Logging] 06/09/2022 - 12:23:57    => URL: https://kztimerglobal.com/api/v2.0/auth/status
[GlobalAPI-Logging] 06/09/2022 - 12:23:57      => Params: -
[GlobalAPI-Logging] 06/09/2022 - 12:23:58 (GOKZ Global) API call failed!
[GlobalAPI-Logging] 06/09/2022 - 12:23:58  => Method: GET
[GlobalAPI-Logging] 06/09/2022 - 12:23:58   => Status: 401
[GlobalAPI-Logging] 06/09/2022 - 12:23:58    => URL: https://kztimerglobal.com/api/v2.0/auth/status
[GlobalAPI-Logging] 06/09/2022 - 12:23:58      => Params: -
[GlobalAPI-Logging] 06/09/2022 - 12:24:04 (GOKZ Global) API call failed!
[GlobalAPI-Logging] 06/09/2022 - 12:24:04  => Method: GET
[GlobalAPI-Logging] 06/09/2022 - 12:24:04   => Status: 401
[GlobalAPI-Logging] 06/09/2022 - 12:24:04    => URL: https://kztimerglobal.com/api/v2.0/auth/status
[GlobalAPI-Logging] 06/09/2022 - 12:24:04      => Params: -
[GlobalAPI-Logging] 06/09/2022 - 12:24:04 (GOKZ Global) API call failed!
[GlobalAPI-Logging] 06/09/2022 - 12:24:04  => Method: GET
[GlobalAPI-Logging] 06/09/2022 - 12:24:04   => Status: 401
[GlobalAPI-Logging] 06/09/2022 - 12:24:04    => URL: https://kztimerglobal.com/api/v2.0/auth/status
[GlobalAPI-Logging] 06/09/2022 - 12:24:04      => Params: -
[GlobalAPI-Logging] 06/09/2022 - 12:28:03 (GOKZ Global) API call failed!
[GlobalAPI-Logging] 06/09/2022 - 12:28:03  => Method: GET
[GlobalAPI-Logging] 06/09/2022 - 12:28:03   => Status: 401
[GlobalAPI-Logging] 06/09/2022 - 12:28:03    => URL: https://kztimerglobal.com/api/v2.0/auth/status
[GlobalAPI-Logging] 06/09/2022 - 12:28:03      => Params: -
[GlobalAPI-Logging] 06/09/2022 - 12:28:03 (GOKZ Global) API call failed!
[GlobalAPI-Logging] 06/09/2022 - 12:28:03  => Method: GET
[GlobalAPI-Logging] 06/09/2022 - 12:28:03   => Status: 401
[GlobalAPI-Logging] 06/09/2022 - 12:28:03    => URL: https://kztimerglobal.com/api/v2.0/auth/status
[GlobalAPI-Logging] 06/09/2022 - 12:28:03      => Params: -
[GlobalAPI-Logging] 06/09/2022 - 13:26:52 (GOKZ Global) API call failed!
[GlobalAPI-Logging] 06/09/2022 - 13:26:52  => Method: GET
[GlobalAPI-Logging] 06/09/2022 - 13:26:52   => Status: 401
[GlobalAPI-Logging] 06/09/2022 - 13:26:52    => URL: https://kztimerglobal.com/api/v2.0/auth/status
[GlobalAPI-Logging] 06/09/2022 - 13:26:52      => Params: -
[GlobalAPI-Logging] 06/09/2022 - 13:27:22 (GOKZ Global) API call failed!
[GlobalAPI-Logging] 06/09/2022 - 13:27:22  => Method: GET
[GlobalAPI-Logging] 06/09/2022 - 13:27:22   => Status: 401
[GlobalAPI-Logging] 06/09/2022 - 13:27:22    => URL: https://kztimerglobal.com/api/v2.0/auth/status
[GlobalAPI-Logging] 06/09/2022 - 13:27:22      => Params: -
[GlobalAPI-Logging] 06/09/2022 - 13:27:23 (GOKZ Global) API call failed!
[GlobalAPI-Logging] 06/09/2022 - 13:27:23  => Method: GET
[GlobalAPI-Logging] 06/09/2022 - 13:27:23   => Status: 401
[GlobalAPI-Logging] 06/09/2022 - 13:27:23    => URL: https://kztimerglobal.com/api/v2.0/auth/status
[GlobalAPI-Logging] 06/09/2022 - 13:27:23      => Params: -
[GlobalAPI-Logging] 06/09/2022 - 13:29:00 (GOKZ Global) API call failed!
[GlobalAPI-Logging] 06/09/2022 - 13:29:00  => Method: GET
[GlobalAPI-Logging] 06/09/2022 - 13:29:00   => Status: 401
[GlobalAPI-Logging] 06/09/2022 - 13:29:00    => URL: https://kztimerglobal.com/api/v2.0/auth/status
[GlobalAPI-Logging] 06/09/2022 - 13:29:00      => Params: -
[GlobalAPI-Logging] 06/09/2022 - 13:29:01 (GOKZ Global) API call failed!
[GlobalAPI-Logging] 06/09/2022 - 13:29:01  => Method: GET
[GlobalAPI-Logging] 06/09/2022 - 13:29:01   => Status: 401
[GlobalAPI-Logging] 06/09/2022 - 13:29:01    => URL: https://kztimerglobal.com/api/v2.0/auth/status
[GlobalAPI-Logging] 06/09/2022 - 13:29:01      => Params: -
[GlobalAPI-Logging] 06/09/2022 - 13:29:41 (GOKZ Global) API call failed!
[GlobalAPI-Logging] 06/09/2022 - 13:29:41  => Method: GET
[GlobalAPI-Logging] 06/09/2022 - 13:29:41   => Status: 401
[GlobalAPI-Logging] 06/09/2022 - 13:29:41    => URL: https://kztimerglobal.com/api/v2.0/auth/status
[GlobalAPI-Logging] 06/09/2022 - 13:29:41      => Params: -
[GlobalAPI-Logging] 06/09/2022 - 13:29:41 (GOKZ Global) API call failed!
[GlobalAPI-Logging] 06/09/2022 - 13:29:41  => Method: GET
[GlobalAPI-Logging] 06/09/2022 - 13:29:41   => Status: 401
[GlobalAPI-Logging] 06/09/2022 - 13:29:41    => URL: https://kztimerglobal.com/api/v2.0/auth/status
[GlobalAPI-Logging] 06/09/2022 - 13:29:41      => Params: -
[GlobalAPI-Logging] 06/09/2022 - 13:29:55 (GOKZ Global) API call failed!
[GlobalAPI-Logging] 06/09/2022 - 13:29:55  => Method: GET
[GlobalAPI-Logging] 06/09/2022 - 13:29:55   => Status: 401
[GlobalAPI-Logging] 06/09/2022 - 13:29:55    => URL: https://kztimerglobal.com/api/v2.0/auth/status
[GlobalAPI-Logging] 06/09/2022 - 13:29:55      => Params: -
[GlobalAPI-Logging] 06/09/2022 - 13:29:55 (GOKZ Global) API call failed!
[GlobalAPI-Logging] 06/09/2022 - 13:29:55  => Method: GET
[GlobalAPI-Logging] 06/09/2022 - 13:29:55   => Status: 401
[GlobalAPI-Logging] 06/09/2022 - 13:29:55    => URL: https://kztimerglobal.com/api/v2.0/auth/status
[GlobalAPI-Logging] 06/09/2022 - 13:29:55      => Params: -
[GlobalAPI-Logging] 06/09/2022 - 13:32:12 (GOKZ Global) API call failed!
[GlobalAPI-Logging] 06/09/2022 - 13:32:12  => Method: GET
[GlobalAPI-Logging] 06/09/2022 - 13:32:12   => Status: 401
[GlobalAPI-Logging] 06/09/2022 - 13:32:12    => URL: https://kztimerglobal.com/api/v2.0/auth/status
[GlobalAPI-Logging] 06/09/2022 - 13:32:12      => Params: -
